--------------------------------------------------------------------------------
ENGLISH-ITALIAN
--------------------------------------------------------------------------------
NUMERAL DICTIONARY

ITERATION 1 (1811.28s)
	- Objective:          30.9362%

ITERATION 2 (1820.50s)
	- Objective:          50.1470%

ITERATION 3 (1820.63s)
	- Objective:          53.4498%

ITERATION 4 (1820.87s)
	- Objective:          55.0400%

ITERATION 5 (1820.15s)
	- Objective:          55.8941%

ITERATION 6 (1817.52s)
	- Objective:          56.3640%

ITERATION 7 (1818.79s)
	- Objective:          56.6496%

ITERATION 8 (1819.30s)
	- Objective:          56.8459%

ITERATION 9 (1819.53s)
	- Objective:          57.0147%

ITERATION 10 (1818.93s)
	- Objective:          57.1609%

ITERATION 11 (1818.30s)
	- Objective:          57.2850%

ITERATION 12 (1819.14s)
	- Objective:          57.3977%

ITERATION 13 (1819.93s)
	- Objective:          57.5030%

ITERATION 14 (1819.13s)
	- Objective:          57.5958%

ITERATION 15 (1818.14s)
	- Objective:          57.6797%

ITERATION 16 (1819.25s)
	- Objective:          57.7569%

ITERATION 17 (1820.43s)
	- Objective:          57.8312%

ITERATION 18 (1819.22s)
	- Objective:          57.9104%

ITERATION 19 (1820.33s)
	- Objective:          58.0008%

ITERATION 20 (1819.38s)
	- Objective:          58.1067%

ITERATION 21 (1819.67s)
	- Objective:          58.2265%

ITERATION 22 (1819.25s)
	- Objective:          58.3384%

ITERATION 23 (1819.43s)
	- Objective:          58.4234%

ITERATION 24 (1819.96s)
	- Objective:          58.4915%

ITERATION 25 (1819.31s)
	- Objective:          58.5563%

ITERATION 26 (1819.38s)
	- Objective:          58.6168%

ITERATION 27 (1819.55s)
	- Objective:          58.6649%

ITERATION 28 (1819.89s)
	- Objective:          58.7141%

ITERATION 29 (1820.99s)
	- Objective:          58.7820%

ITERATION 30 (1819.15s)
	- Objective:          58.8692%

ITERATION 31 (1820.52s)
	- Objective:          58.9636%

ITERATION 32 (1820.53s)
	- Objective:          59.0515%

ITERATION 33 (1817.97s)
	- Objective:          59.1166%

ITERATION 34 (1818.60s)
	- Objective:          59.1583%

ITERATION 35 (1820.88s)
	- Objective:          59.1821%

ITERATION 36 (1820.20s)
	- Objective:          59.1955%

ITERATION 37 (1821.01s)
	- Objective:          59.2035%

ITERATION 38 (1819.69s)
	- Objective:          59.2086%

ITERATION 39 (1817.82s)
	- Objective:          59.2121%

ITERATION 40 (1816.46s)
	- Objective:          59.2146%

ITERATION 41 (1817.56s)
	- Objective:          59.2165%

ITERATION 42 (1819.10s)
	- Objective:          59.2179%

ITERATION 43 (1818.43s)
	- Objective:          59.2189%

ITERATION 44 (1818.40s)
	- Objective:          59.2197%

ITERATION 45 (1818.05s)
	- Objective:          59.2207%

ITERATION 46 (1816.36s)
	- Objective:          59.2212%

ITERATION 47 (1815.04s)
	- Objective:          59.2216%

ITERATION 48 (1816.48s)
	- Objective:          59.2219%

ITERATION 49 (1817.67s)
	- Objective:          59.2222%

ITERATION 50 (1818.20s)
	- Objective:          59.2223%

ITERATION 51 (1818.75s)
	- Objective:          59.2225%

ITERATION 52 (1820.17s)
	- Objective:          59.2227%

ITERATION 53 (1820.51s)
	- Objective:          59.2228%

ITERATION 54 (1820.75s)
	- Objective:          59.2229%
  - Orthographic (1gram)         |  Translation: 37.00%  MWS353: 42.30%

