--------------------------------------------------------------------------------
ENGLISH-ITALIAN
--------------------------------------------------------------------------------
NUMERAL DICTIONARY

ITERATION 1 (1804.63s)
	- Objective:          27.4240%

ITERATION 2 (1810.57s)
	- Objective:          40.7174%

ITERATION 3 (1811.90s)
	- Objective:          45.9101%

ITERATION 4 (1812.63s)
	- Objective:          48.7741%

ITERATION 5 (1814.18s)
	- Objective:          50.4802%

ITERATION 6 (1814.99s)
	- Objective:          51.4784%

ITERATION 7 (1814.75s)
	- Objective:          52.0101%

ITERATION 8 (1816.75s)
	- Objective:          52.2766%

ITERATION 9 (1817.39s)
	- Objective:          52.4156%

ITERATION 10 (1817.71s)
	- Objective:          52.5054%

ITERATION 11 (1819.04s)
	- Objective:          52.5849%

ITERATION 12 (1816.68s)
	- Objective:          52.6697%

ITERATION 13 (1818.78s)
	- Objective:          52.7574%

ITERATION 14 (1818.39s)
	- Objective:          52.8494%

ITERATION 15 (1818.61s)
	- Objective:          52.9148%

ITERATION 16 (1820.35s)
	- Objective:          52.9479%

ITERATION 17 (1819.18s)
	- Objective:          52.9656%

ITERATION 18 (1818.91s)
	- Objective:          52.9786%

ITERATION 19 (1817.98s)
	- Objective:          52.9922%

ITERATION 20 (1820.98s)
	- Objective:          53.0085%

ITERATION 21 (1827.35s)
	- Objective:          53.0262%

ITERATION 22 (1826.66s)
	- Objective:          53.0417%

ITERATION 23 (1827.07s)
	- Objective:          53.0524%

ITERATION 24 (1827.17s)
	- Objective:          53.0605%

ITERATION 25 (1827.61s)
	- Objective:          53.0670%

ITERATION 26 (1818.35s)
	- Objective:          53.0723%

ITERATION 27 (1818.02s)
	- Objective:          53.0769%

ITERATION 28 (1817.63s)
	- Objective:          53.0813%

ITERATION 29 (1819.46s)
	- Objective:          53.0854%

ITERATION 30 (1819.69s)
	- Objective:          53.0878%

ITERATION 31 (1818.50s)
	- Objective:          53.0893%

ITERATION 32 (1815.97s)
	- Objective:          53.0904%

ITERATION 33 (1817.56s)
	- Objective:          53.0913%

ITERATION 34 (1819.44s)
	- Objective:          53.0919%

ITERATION 35 (1819.46s)
	- Objective:          53.0925%

ITERATION 36 (1821.11s)
	- Objective:          53.0930%

ITERATION 37 (1821.59s)
	- Objective:          53.0933%

ITERATION 38 (1819.06s)
	- Objective:          53.0936%

ITERATION 39 (1819.78s)
	- Objective:          53.0939%

ITERATION 40 (1817.52s)
	- Objective:          53.0941%

ITERATION 41 (1819.80s)
	- Objective:          53.0944%

ITERATION 42 (1819.67s)
	- Objective:          53.0946%

ITERATION 43 (1821.02s)
	- Objective:          53.0948%

ITERATION 44 (1819.95s)
	- Objective:          53.0949%

ITERATION 45 (1818.09s)
	- Objective:          53.0950%

ITERATION 46 (1815.39s)
	- Objective:          53.0952%

ITERATION 47 (1814.20s)
	- Objective:          53.0953%

ITERATION 48 (1816.57s)
	- Objective:          53.0954%
  - Orthographic (1gram)         |  Translation: 48.07%  MWS353: 57.07%

