--------------------------------------------------------------------------------
ENGLISH-ITALIAN
--------------------------------------------------------------------------------
NUMERAL DICTIONARY

ITERATION 1 (1815.48s)
	- Objective:          43.2855%

ITERATION 2 (1813.91s)
	- Objective:          64.2857%

ITERATION 3 (1816.76s)
	- Objective:          67.1699%

ITERATION 4 (1816.82s)
	- Objective:          68.4790%

ITERATION 5 (1815.19s)
	- Objective:          69.2247%

ITERATION 6 (1815.39s)
	- Objective:          69.6969%

ITERATION 7 (1814.35s)
	- Objective:          70.0179%

ITERATION 8 (1811.45s)
	- Objective:          70.2402%

ITERATION 9 (1814.61s)
	- Objective:          70.4153%

ITERATION 10 (1814.41s)
	- Objective:          70.5403%

ITERATION 11 (1814.47s)
	- Objective:          70.6416%

ITERATION 12 (1814.27s)
	- Objective:          70.7331%

ITERATION 13 (1816.45s)
	- Objective:          70.8063%

ITERATION 14 (1816.02s)
	- Objective:          70.8676%

ITERATION 15 (1817.26s)
	- Objective:          70.9269%

ITERATION 16 (1817.54s)
	- Objective:          70.9913%

ITERATION 17 (1815.53s)
	- Objective:          71.0651%

ITERATION 18 (1815.88s)
	- Objective:          71.1405%

ITERATION 19 (1814.64s)
	- Objective:          71.2063%

ITERATION 20 (1816.50s)
	- Objective:          71.2637%

ITERATION 21 (1819.34s)
	- Objective:          71.3156%

ITERATION 22 (1818.68s)
	- Objective:          71.3626%

ITERATION 23 (1820.30s)
	- Objective:          71.3989%

ITERATION 24 (1819.94s)
	- Objective:          71.4240%

ITERATION 25 (1819.92s)
	- Objective:          71.4424%

ITERATION 26 (1819.89s)
	- Objective:          71.4573%

ITERATION 27 (1819.57s)
	- Objective:          71.4699%

ITERATION 28 (1819.09s)
	- Objective:          71.4808%

ITERATION 29 (1819.73s)
	- Objective:          71.4908%

ITERATION 30 (1818.06s)
	- Objective:          71.5000%

ITERATION 31 (1820.35s)
	- Objective:          71.5085%

ITERATION 32 (1819.45s)
	- Objective:          71.5163%

ITERATION 33 (1818.27s)
	- Objective:          71.5240%

ITERATION 34 (1819.55s)
	- Objective:          71.5315%

ITERATION 35 (1818.91s)
	- Objective:          71.5388%

ITERATION 36 (1820.52s)
	- Objective:          71.5460%

ITERATION 37 (1820.57s)
	- Objective:          71.5528%

ITERATION 38 (1819.18s)
	- Objective:          71.5596%

ITERATION 39 (1820.12s)
	- Objective:          71.5662%

ITERATION 40 (1817.91s)
	- Objective:          71.5727%

ITERATION 41 (1819.15s)
	- Objective:          71.5789%

ITERATION 42 (1819.28s)
	- Objective:          71.5848%

ITERATION 43 (1820.29s)
	- Objective:          71.5908%

ITERATION 44 (1817.70s)
	- Objective:          71.5966%

ITERATION 45 (1816.38s)
	- Objective:          71.6021%

ITERATION 46 (1818.98s)
	- Objective:          71.6076%

ITERATION 47 (1819.26s)
	- Objective:          71.6126%

ITERATION 48 (1818.14s)
	- Objective:          71.6176%

ITERATION 49 (1819.15s)
	- Objective:          71.6224%

ITERATION 50 (1819.79s)
	- Objective:          71.6271%

ITERATION 51 (1818.03s)
	- Objective:          71.6317%

ITERATION 52 (1818.17s)
	- Objective:          71.6361%

ITERATION 53 (1818.24s)
	- Objective:          71.6404%

ITERATION 54 (1819.11s)
	- Objective:          71.6446%

ITERATION 55 (1816.16s)
	- Objective:          71.6486%

ITERATION 56 (1817.13s)
	- Objective:          71.6524%

ITERATION 57 (1820.61s)
	- Objective:          71.6562%

ITERATION 58 (1820.89s)
	- Objective:          71.6598%

ITERATION 59 (1821.95s)
	- Objective:          71.6634%

ITERATION 60 (1822.25s)
	- Objective:          71.6668%

ITERATION 61 (1821.99s)
	- Objective:          71.6700%

ITERATION 62 (1821.07s)
	- Objective:          71.6731%

ITERATION 63 (1820.99s)
	- Objective:          71.6759%

ITERATION 64 (1821.48s)
	- Objective:          71.6786%

ITERATION 65 (1823.07s)
	- Objective:          71.6811%

ITERATION 66 (1822.32s)
	- Objective:          71.6835%

ITERATION 67 (1820.00s)
	- Objective:          71.6856%

ITERATION 68 (1818.71s)
	- Objective:          71.6876%

ITERATION 69 (1819.63s)
	- Objective:          71.6895%

ITERATION 70 (1818.00s)
	- Objective:          71.6914%

ITERATION 71 (1818.78s)
	- Objective:          71.6932%

ITERATION 72 (1818.57s)
	- Objective:          71.6949%

ITERATION 73 (1818.57s)
	- Objective:          71.6966%

ITERATION 74 (1820.89s)
	- Objective:          71.6982%

ITERATION 75 (1821.75s)
	- Objective:          71.6998%

ITERATION 76 (1821.74s)
	- Objective:          71.7013%

ITERATION 77 (1822.39s)
	- Objective:          71.7026%

ITERATION 78 (1824.11s)
	- Objective:          71.7038%

ITERATION 79 (1823.91s)
	- Objective:          71.7050%

ITERATION 80 (1823.67s)
	- Objective:          71.7061%

ITERATION 81 (1822.54s)
	- Objective:          71.7072%

ITERATION 82 (1822.31s)
	- Objective:          71.7083%

ITERATION 83 (1819.38s)
	- Objective:          71.7092%

ITERATION 84 (1822.09s)
	- Objective:          71.7101%

ITERATION 85 (1823.18s)
	- Objective:          71.7108%

ITERATION 86 (1824.26s)
	- Objective:          71.7116%

ITERATION 87 (1822.59s)
	- Objective:          71.7123%

ITERATION 88 (1821.18s)
	- Objective:          71.7130%

ITERATION 89 (1823.05s)
	- Objective:          71.7136%

ITERATION 90 (1821.79s)
	- Objective:          71.7142%

ITERATION 91 (1820.06s)
	- Objective:          71.7148%

ITERATION 92 (1821.43s)
	- Objective:          71.7153%

ITERATION 93 (1820.58s)
	- Objective:          71.7158%

ITERATION 94 (1821.21s)
	- Objective:          71.7164%

ITERATION 95 (1820.41s)
	- Objective:          71.7169%

ITERATION 96 (1818.82s)
	- Objective:          71.7173%

ITERATION 97 (1819.47s)
	- Objective:          71.7178%

ITERATION 98 (1819.44s)
	- Objective:          71.7182%

ITERATION 99 (1820.74s)
	- Objective:          71.7186%

ITERATION 100 (1819.40s)
	- Objective:          71.7189%

ITERATION 101 (1820.89s)
	- Objective:          71.7193%

ITERATION 102 (1821.36s)
	- Objective:          71.7196%

ITERATION 103 (1820.34s)
	- Objective:          71.7199%

ITERATION 104 (1820.48s)
	- Objective:          71.7201%

ITERATION 105 (1821.07s)
	- Objective:          71.7204%

ITERATION 106 (1821.06s)
	- Objective:          71.7206%

ITERATION 107 (1822.96s)
	- Objective:          71.7208%

ITERATION 108 (1820.67s)
	- Objective:          71.7211%

ITERATION 109 (1820.22s)
	- Objective:          71.7213%

ITERATION 110 (1822.23s)
	- Objective:          71.7216%

ITERATION 111 (1822.48s)
	- Objective:          71.7218%

ITERATION 112 (1822.17s)
	- Objective:          71.7220%

ITERATION 113 (1822.26s)
	- Objective:          71.7222%

ITERATION 114 (1821.09s)
	- Objective:          71.7224%

ITERATION 115 (1821.96s)
	- Objective:          71.7226%

ITERATION 116 (1822.72s)
	- Objective:          71.7228%

ITERATION 117 (1821.52s)
	- Objective:          71.7230%

ITERATION 118 (1820.74s)
	- Objective:          71.7232%

ITERATION 119 (1821.27s)
	- Objective:          71.7234%

ITERATION 120 (1821.25s)
	- Objective:          71.7235%

ITERATION 121 (1822.08s)
	- Objective:          71.7237%

ITERATION 122 (1822.90s)
	- Objective:          71.7238%

ITERATION 123 (1823.96s)
	- Objective:          71.7240%

ITERATION 124 (1824.73s)
	- Objective:          71.7241%

ITERATION 125 (1823.75s)
	- Objective:          71.7243%

ITERATION 126 (1823.62s)
	- Objective:          71.7244%

ITERATION 127 (1822.80s)
	- Objective:          71.7245%

ITERATION 128 (1822.59s)
	- Objective:          71.7246%

ITERATION 129 (1822.62s)
	- Objective:          71.7247%

ITERATION 130 (1823.28s)
	- Objective:          71.7248%

ITERATION 131 (1824.31s)
	- Objective:          71.7249%

ITERATION 132 (1824.30s)
	- Objective:          71.7250%
  - Orthographic (1gram)         |  Translation:  0.13%  MWS353:  5.22%

