--------------------------------------------------------------------------------
ENGLISH-ITALIAN
--------------------------------------------------------------------------------
NUMERAL DICTIONARY

ITERATION 1 (1812.98s)
	- Objective:          29.3744%

ITERATION 2 (1820.15s)
	- Objective:          39.2234%

ITERATION 3 (1819.05s)
	- Objective:          44.5053%

ITERATION 4 (1820.69s)
	- Objective:          47.6977%

ITERATION 5 (1821.14s)
	- Objective:          49.6521%

ITERATION 6 (1819.74s)
	- Objective:          50.7792%

ITERATION 7 (1817.90s)
	- Objective:          51.3497%

ITERATION 8 (1820.18s)
	- Objective:          51.6080%

ITERATION 9 (1819.08s)
	- Objective:          51.7293%

ITERATION 10 (1818.94s)
	- Objective:          51.7962%

ITERATION 11 (1820.09s)
	- Objective:          51.8412%

ITERATION 12 (1821.05s)
	- Objective:          51.8823%

ITERATION 13 (1821.40s)
	- Objective:          51.9174%

ITERATION 14 (1821.18s)
	- Objective:          51.9475%

ITERATION 15 (1820.09s)
	- Objective:          51.9705%

ITERATION 16 (1821.92s)
	- Objective:          51.9893%

ITERATION 17 (1821.87s)
	- Objective:          52.0007%

ITERATION 18 (1821.59s)
	- Objective:          52.0088%

ITERATION 19 (1823.16s)
	- Objective:          52.0177%

ITERATION 20 (1821.35s)
	- Objective:          52.0235%

ITERATION 21 (1819.67s)
	- Objective:          52.0276%

ITERATION 22 (1820.88s)
	- Objective:          52.0315%

ITERATION 23 (1821.72s)
	- Objective:          52.0358%

ITERATION 24 (1822.77s)
	- Objective:          52.0408%

ITERATION 25 (1817.68s)
	- Objective:          52.0463%

ITERATION 26 (1818.41s)
	- Objective:          52.0528%

ITERATION 27 (1820.56s)
	- Objective:          52.0582%

ITERATION 28 (1823.25s)
	- Objective:          52.0618%

ITERATION 29 (1822.34s)
	- Objective:          52.0643%

ITERATION 30 (1822.38s)
	- Objective:          52.0663%

ITERATION 31 (1819.45s)
	- Objective:          52.0681%

ITERATION 32 (1818.47s)
	- Objective:          52.0697%

ITERATION 33 (1819.02s)
	- Objective:          52.0714%

ITERATION 34 (1821.92s)
	- Objective:          52.0726%

ITERATION 35 (1822.30s)
	- Objective:          52.0735%

ITERATION 36 (1822.64s)
	- Objective:          52.0743%

ITERATION 37 (1822.19s)
	- Objective:          52.0750%

ITERATION 38 (1821.16s)
	- Objective:          52.0756%

ITERATION 39 (1822.56s)
	- Objective:          52.0762%

ITERATION 40 (1820.52s)
	- Objective:          52.0766%

ITERATION 41 (1819.89s)
	- Objective:          52.0771%

ITERATION 42 (1820.31s)
	- Objective:          52.0774%

ITERATION 43 (1818.98s)
	- Objective:          52.0777%

ITERATION 44 (1818.69s)
	- Objective:          52.0780%

ITERATION 45 (1819.04s)
	- Objective:          52.0783%

ITERATION 46 (1818.15s)
	- Objective:          52.0786%

ITERATION 47 (1816.70s)
	- Objective:          52.0788%

ITERATION 48 (1818.53s)
	- Objective:          52.0791%

ITERATION 49 (1818.08s)
	- Objective:          52.0793%

ITERATION 50 (1817.49s)
	- Objective:          52.0796%

ITERATION 51 (1820.07s)
	- Objective:          52.0799%

ITERATION 52 (1819.58s)
	- Objective:          52.0801%

ITERATION 53 (1821.52s)
	- Objective:          52.0803%

ITERATION 54 (1820.59s)
	- Objective:          52.0805%

ITERATION 55 (1821.82s)
	- Objective:          52.0808%

ITERATION 56 (1821.51s)
	- Objective:          52.0810%

ITERATION 57 (1822.48s)
	- Objective:          52.0812%

ITERATION 58 (1823.52s)
	- Objective:          52.0814%

ITERATION 59 (1822.09s)
	- Objective:          52.0815%

ITERATION 60 (1822.45s)
	- Objective:          52.0816%

ITERATION 61 (1823.17s)
	- Objective:          52.0817%

ITERATION 62 (1821.13s)
	- Objective:          52.0819%

ITERATION 63 (1821.07s)
	- Objective:          52.0819%
  - Orthographic (1gram)         |  Translation: 43.33%  MWS353: 61.31%

