--------------------------------------------------------------------------------
ENGLISH-ITALIAN
--------------------------------------------------------------------------------
NUMERAL DICTIONARY

ITERATION 1 (1811.39s)
	- Objective:          28.0998%

ITERATION 2 (1819.07s)
	- Objective:          42.9972%

ITERATION 3 (1818.80s)
	- Objective:          47.5724%

ITERATION 4 (1818.18s)
	- Objective:          49.7955%

ITERATION 5 (1814.97s)
	- Objective:          51.0198%

ITERATION 6 (1816.54s)
	- Objective:          51.7436%

ITERATION 7 (1818.85s)
	- Objective:          52.1834%

ITERATION 8 (1818.32s)
	- Objective:          52.4620%

ITERATION 9 (1817.99s)
	- Objective:          52.6614%

ITERATION 10 (1818.45s)
	- Objective:          52.8274%

ITERATION 11 (1819.25s)
	- Objective:          53.0000%

ITERATION 12 (1819.07s)
	- Objective:          53.1886%

ITERATION 13 (1820.36s)
	- Objective:          53.3790%

ITERATION 14 (1819.13s)
	- Objective:          53.5582%

ITERATION 15 (1841.56s)
	- Objective:          53.7252%

ITERATION 16 (1874.12s)
	- Objective:          53.9041%

ITERATION 17 (1873.34s)
	- Objective:          54.1298%

ITERATION 18 (1869.06s)
	- Objective:          54.3765%

ITERATION 19 (1871.53s)
	- Objective:          54.5480%

ITERATION 20 (1836.75s)
	- Objective:          54.6321%

ITERATION 21 (1837.66s)
	- Objective:          54.6746%

ITERATION 22 (1842.06s)
	- Objective:          54.7040%

ITERATION 23 (1847.57s)
	- Objective:          54.7210%

ITERATION 24 (1856.63s)
	- Objective:          54.7299%

ITERATION 25 (1839.55s)
	- Objective:          54.7348%

ITERATION 26 (1834.67s)
	- Objective:          54.7378%

ITERATION 27 (1837.55s)
	- Objective:          54.7399%

ITERATION 28 (1866.36s)
	- Objective:          54.7415%

ITERATION 29 (1872.85s)
	- Objective:          54.7426%

ITERATION 30 (1873.47s)
	- Objective:          54.7436%

ITERATION 31 (1876.46s)
	- Objective:          54.7444%

ITERATION 32 (1876.99s)
	- Objective:          54.7452%

ITERATION 33 (1878.06s)
	- Objective:          54.7460%

ITERATION 34 (1876.69s)
	- Objective:          54.7471%

ITERATION 35 (1874.86s)
	- Objective:          54.7489%

ITERATION 36 (1873.73s)
	- Objective:          54.7517%

ITERATION 37 (1872.81s)
	- Objective:          54.7570%

ITERATION 38 (1875.94s)
	- Objective:          54.7645%

ITERATION 39 (1874.83s)
	- Objective:          54.7698%

ITERATION 40 (1870.07s)
	- Objective:          54.7736%

ITERATION 41 (1873.70s)
	- Objective:          54.7769%

ITERATION 42 (1864.76s)
	- Objective:          54.7804%

ITERATION 43 (1849.21s)
	- Objective:          54.7842%

ITERATION 44 (1859.22s)
	- Objective:          54.7879%

ITERATION 45 (1844.60s)
	- Objective:          54.7908%

ITERATION 46 (1868.11s)
	- Objective:          54.7929%

ITERATION 47 (1870.99s)
	- Objective:          54.7944%

ITERATION 48 (1866.80s)
	- Objective:          54.7954%

ITERATION 49 (1869.01s)
	- Objective:          54.7960%

ITERATION 50 (1836.79s)
	- Objective:          54.7965%

ITERATION 51 (1851.41s)
	- Objective:          54.7969%

ITERATION 52 (1846.60s)
	- Objective:          54.7972%

ITERATION 53 (1854.02s)
	- Objective:          54.7975%

ITERATION 54 (1860.70s)
	- Objective:          54.7980%

ITERATION 55 (1855.63s)
	- Objective:          54.7986%

ITERATION 56 (1860.12s)
	- Objective:          54.7998%

ITERATION 57 (1851.24s)
	- Objective:          54.8041%

ITERATION 58 (1858.80s)
	- Objective:          54.8143%

ITERATION 59 (1854.67s)
	- Objective:          54.8217%

ITERATION 60 (1855.50s)
	- Objective:          54.8263%

ITERATION 61 (1854.37s)
	- Objective:          54.8310%

ITERATION 62 (1864.94s)
	- Objective:          54.8342%

ITERATION 63 (1867.55s)
	- Objective:          54.8357%

ITERATION 64 (1864.41s)
	- Objective:          54.8367%

ITERATION 65 (1856.03s)
	- Objective:          54.8374%

ITERATION 66 (1862.85s)
	- Objective:          54.8379%

ITERATION 67 (1867.69s)
	- Objective:          54.8383%

ITERATION 68 (1862.33s)
	- Objective:          54.8386%

ITERATION 69 (1866.95s)
	- Objective:          54.8390%

ITERATION 70 (1870.93s)
	- Objective:          54.8393%

ITERATION 71 (1867.55s)
	- Objective:          54.8396%

ITERATION 72 (1869.55s)
	- Objective:          54.8398%

ITERATION 73 (1859.34s)
	- Objective:          54.8400%

ITERATION 74 (1875.93s)
	- Objective:          54.8402%

ITERATION 75 (1876.73s)
	- Objective:          54.8403%

ITERATION 76 (1875.10s)
	- Objective:          54.8404%
  - Orthographic (1gram)         |  Translation: 49.73%  MWS353: 51.57%

