--------------------------------------------------------------------------------
ENGLISH-ITALIAN
--------------------------------------------------------------------------------
NUMERAL DICTIONARY

ITERATION 1 (1811.80s)
	- Objective:          30.6097%

ITERATION 2 (1818.10s)
	- Objective:          39.0203%

ITERATION 3 (1818.73s)
	- Objective:          44.3335%

ITERATION 4 (1818.89s)
	- Objective:          47.5804%

ITERATION 5 (1816.93s)
	- Objective:          49.6664%

ITERATION 6 (1816.50s)
	- Objective:          50.7921%

ITERATION 7 (1817.36s)
	- Objective:          51.3041%

ITERATION 8 (1818.37s)
	- Objective:          51.5385%

ITERATION 9 (1825.10s)
	- Objective:          51.6543%

ITERATION 10 (1832.35s)
	- Objective:          51.7175%

ITERATION 11 (1828.16s)
	- Objective:          51.7638%

ITERATION 12 (1826.14s)
	- Objective:          51.8075%

ITERATION 13 (1826.01s)
	- Objective:          51.8501%

ITERATION 14 (1828.00s)
	- Objective:          51.8861%

ITERATION 15 (1821.24s)
	- Objective:          51.9072%

ITERATION 16 (1820.25s)
	- Objective:          51.9200%

ITERATION 17 (1820.73s)
	- Objective:          51.9285%

ITERATION 18 (1821.34s)
	- Objective:          51.9349%

ITERATION 19 (1819.92s)
	- Objective:          51.9402%

ITERATION 20 (1820.94s)
	- Objective:          51.9449%

ITERATION 21 (1819.15s)
	- Objective:          51.9493%

ITERATION 22 (1818.70s)
	- Objective:          51.9535%

ITERATION 23 (1819.87s)
	- Objective:          51.9569%

ITERATION 24 (1818.99s)
	- Objective:          51.9598%

ITERATION 25 (1819.68s)
	- Objective:          51.9626%

ITERATION 26 (1819.99s)
	- Objective:          51.9651%

ITERATION 27 (1819.15s)
	- Objective:          51.9675%

ITERATION 28 (1819.33s)
	- Objective:          51.9697%

ITERATION 29 (1819.94s)
	- Objective:          51.9716%

ITERATION 30 (1820.41s)
	- Objective:          51.9732%

ITERATION 31 (1820.09s)
	- Objective:          51.9745%

ITERATION 32 (1819.41s)
	- Objective:          51.9755%

ITERATION 33 (1820.71s)
	- Objective:          51.9764%

ITERATION 34 (1820.25s)
	- Objective:          51.9772%

ITERATION 35 (1820.27s)
	- Objective:          51.9779%

ITERATION 36 (1818.88s)
	- Objective:          51.9786%

ITERATION 37 (1819.10s)
	- Objective:          51.9792%

ITERATION 38 (1820.43s)
	- Objective:          51.9798%

ITERATION 39 (1820.53s)
	- Objective:          51.9804%

ITERATION 40 (1820.80s)
	- Objective:          51.9809%

ITERATION 41 (1821.23s)
	- Objective:          51.9814%

ITERATION 42 (1821.52s)
	- Objective:          51.9819%

ITERATION 43 (1821.43s)
	- Objective:          51.9823%

ITERATION 44 (1822.14s)
	- Objective:          51.9827%

ITERATION 45 (1820.74s)
	- Objective:          51.9830%

ITERATION 46 (1817.11s)
	- Objective:          51.9832%

ITERATION 47 (1816.91s)
	- Objective:          51.9835%

ITERATION 48 (1821.00s)
	- Objective:          51.9837%

ITERATION 49 (1819.68s)
	- Objective:          51.9840%

ITERATION 50 (1820.65s)
	- Objective:          51.9842%

ITERATION 51 (1820.32s)
	- Objective:          51.9844%

ITERATION 52 (1821.69s)
	- Objective:          51.9845%

ITERATION 53 (1820.37s)
	- Objective:          51.9847%

ITERATION 54 (1821.73s)
	- Objective:          51.9848%

ITERATION 55 (1821.64s)
	- Objective:          51.9850%

ITERATION 56 (1820.29s)
	- Objective:          51.9851%

ITERATION 57 (1820.07s)
	- Objective:          51.9852%

ITERATION 58 (1820.33s)
	- Objective:          51.9853%
  - Orthographic (1gram)         |  Translation: 37.33%  MWS353: 62.63%

