--------------------------------------------------------------------------------
ENGLISH-ITALIAN
--------------------------------------------------------------------------------
NUMERAL DICTIONARY

ITERATION 1 (1447.96s)
	- Objective:          28.9099%

ITERATION 2 (1451.37s)
	- Objective:          38.5831%

ITERATION 3 (1454.55s)
	- Objective:          44.6506%

ITERATION 4 (1453.56s)
	- Objective:          47.1179%

ITERATION 5 (1452.02s)
	- Objective:          47.8463%

ITERATION 6 (1453.74s)
	- Objective:          48.0655%

ITERATION 7 (1452.18s)
	- Objective:          48.1478%

ITERATION 8 (1452.14s)
	- Objective:          48.1875%

ITERATION 9 (1452.77s)
	- Objective:          48.2112%

ITERATION 10 (1452.70s)
	- Objective:          48.2268%

ITERATION 11 (1452.88s)
	- Objective:          48.2383%

ITERATION 12 (1453.70s)
	- Objective:          48.2470%

ITERATION 13 (1454.47s)
	- Objective:          48.2541%

ITERATION 14 (1455.67s)
	- Objective:          48.2598%

ITERATION 15 (1452.88s)
	- Objective:          48.2654%

ITERATION 16 (1456.84s)
	- Objective:          48.2713%

ITERATION 17 (1453.77s)
	- Objective:          48.2763%

ITERATION 18 (1454.41s)
	- Objective:          48.2801%

ITERATION 19 (1457.24s)
	- Objective:          48.2827%

ITERATION 20 (1453.50s)
	- Objective:          48.2848%

ITERATION 21 (1456.11s)
	- Objective:          48.2865%

ITERATION 22 (1453.51s)
	- Objective:          48.2879%

ITERATION 23 (1455.05s)
	- Objective:          48.2893%

ITERATION 24 (1454.59s)
	- Objective:          48.2908%

ITERATION 25 (1451.85s)
	- Objective:          48.2924%

ITERATION 26 (1456.28s)
	- Objective:          48.2939%

ITERATION 27 (1455.72s)
	- Objective:          48.2954%

ITERATION 28 (1454.21s)
	- Objective:          48.2966%

ITERATION 29 (1455.74s)
	- Objective:          48.2975%

ITERATION 30 (1454.52s)
	- Objective:          48.2984%

ITERATION 31 (1452.31s)
	- Objective:          48.2991%

ITERATION 32 (1455.47s)
	- Objective:          48.2997%

ITERATION 33 (1452.50s)
	- Objective:          48.3002%

ITERATION 34 (1451.56s)
	- Objective:          48.3006%

ITERATION 35 (1453.01s)
	- Objective:          48.3011%

ITERATION 36 (1452.28s)
	- Objective:          48.3015%

ITERATION 37 (1452.37s)
	- Objective:          48.3020%

ITERATION 38 (1451.28s)
	- Objective:          48.3024%

ITERATION 39 (1450.85s)
	- Objective:          48.3028%

ITERATION 40 (1453.45s)
	- Objective:          48.3031%

ITERATION 41 (1452.41s)
	- Objective:          48.3035%

ITERATION 42 (1452.91s)
	- Objective:          48.3038%

ITERATION 43 (1452.45s)
	- Objective:          48.3040%

ITERATION 44 (1452.37s)
	- Objective:          48.3043%

ITERATION 45 (1452.66s)
	- Objective:          48.3046%

ITERATION 46 (1452.74s)
	- Objective:          48.3048%

ITERATION 47 (1452.48s)
	- Objective:          48.3051%

ITERATION 48 (1453.25s)
	- Objective:          48.3054%

ITERATION 49 (1453.24s)
	- Objective:          48.3057%

ITERATION 50 (1452.75s)
	- Objective:          48.3060%

ITERATION 51 (1451.77s)
	- Objective:          48.3063%

ITERATION 52 (1452.17s)
	- Objective:          48.3067%

ITERATION 53 (1453.38s)
	- Objective:          48.3072%

ITERATION 54 (1452.42s)
	- Objective:          48.3080%

ITERATION 55 (1454.81s)
	- Objective:          48.3097%

ITERATION 56 (1453.22s)
	- Objective:          48.3129%

ITERATION 57 (1453.17s)
	- Objective:          48.3177%

ITERATION 58 (1453.69s)
	- Objective:          48.3207%

ITERATION 59 (1453.17s)
	- Objective:          48.3221%

ITERATION 60 (1451.49s)
	- Objective:          48.3229%

ITERATION 61 (1450.81s)
	- Objective:          48.3234%

ITERATION 62 (1450.14s)
	- Objective:          48.3238%

ITERATION 63 (1452.26s)
	- Objective:          48.3241%

ITERATION 64 (1453.63s)
	- Objective:          48.3243%

ITERATION 65 (1454.27s)
	- Objective:          48.3245%

ITERATION 66 (1454.21s)
	- Objective:          48.3246%

ITERATION 67 (1453.11s)
	- Objective:          48.3247%

ITERATION 68 (1452.36s)
	- Objective:          48.3248%

ITERATION 69 (1454.17s)
	- Objective:          48.3249%
  - SimMat         |  Translation: 41.20%  MWS353: 62.98%

