--------------------------------------------------------------------------------
ENGLISH-ITALIAN
--------------------------------------------------------------------------------
NUMERAL DICTIONARY

ITERATION 1 (2051.36s)
	- Objective:          27.3952%

ITERATION 2 (2062.50s)
	- Objective:          47.4538%

ITERATION 3 (2063.38s)
	- Objective:          54.6907%

ITERATION 4 (2061.04s)
	- Objective:          57.4670%

ITERATION 5 (2056.73s)
	- Objective:          58.4430%

ITERATION 6 (2059.02s)
	- Objective:          58.7076%

ITERATION 7 (2061.38s)
	- Objective:          58.7906%

ITERATION 8 (2059.91s)
	- Objective:          58.8274%

ITERATION 9 (2059.79s)
	- Objective:          58.8484%

ITERATION 10 (2062.37s)
	- Objective:          58.8638%

ITERATION 11 (2062.00s)
	- Objective:          58.8751%

ITERATION 12 (2060.89s)
	- Objective:          58.8830%

ITERATION 13 (2059.81s)
	- Objective:          58.8883%

ITERATION 14 (2056.82s)
	- Objective:          58.8917%

ITERATION 15 (2057.77s)
	- Objective:          58.8941%

ITERATION 16 (2061.21s)
	- Objective:          58.8958%

ITERATION 17 (2057.62s)
	- Objective:          58.8971%

ITERATION 18 (2057.35s)
	- Objective:          58.8983%

ITERATION 19 (2056.24s)
	- Objective:          58.8996%

ITERATION 20 (2057.00s)
	- Objective:          58.9011%

ITERATION 21 (2055.98s)
	- Objective:          58.9024%

ITERATION 22 (2058.25s)
	- Objective:          58.9036%

ITERATION 23 (2057.35s)
	- Objective:          58.9046%

ITERATION 24 (2058.32s)
	- Objective:          58.9056%

ITERATION 25 (2055.52s)
	- Objective:          58.9064%

ITERATION 26 (2055.81s)
	- Objective:          58.9070%

ITERATION 27 (2055.31s)
	- Objective:          58.9074%

ITERATION 28 (2056.32s)
	- Objective:          58.9078%

ITERATION 29 (2058.41s)
	- Objective:          58.9081%

ITERATION 30 (2062.02s)
	- Objective:          58.9083%

ITERATION 31 (2060.51s)
	- Objective:          58.9085%

ITERATION 32 (2063.57s)
	- Objective:          58.9088%

ITERATION 33 (2061.51s)
	- Objective:          58.9090%

ITERATION 34 (2061.54s)
	- Objective:          58.9093%

ITERATION 35 (2058.32s)
	- Objective:          58.9096%

ITERATION 36 (2060.34s)
	- Objective:          58.9097%

ITERATION 37 (2062.54s)
	- Objective:          58.9099%

ITERATION 38 (2062.90s)
	- Objective:          58.9100%

ITERATION 39 (2059.03s)
	- Objective:          58.9102%

ITERATION 40 (2059.95s)
	- Objective:          58.9103%
  - SimMat+1gram         |  Translation: 49.87%  MWS353: 51.32%

