--------------------------------------------------------------------------------
ENGLISH-ITALIAN
--------------------------------------------------------------------------------
NUMERAL DICTIONARY

ITERATION 1 (1817.09s)
	- Objective:          28.4014%

ITERATION 2 (1823.98s)
	- Objective:          45.3059%

ITERATION 3 (1820.00s)
	- Objective:          49.5501%

ITERATION 4 (1820.71s)
	- Objective:          51.4884%

ITERATION 5 (1821.43s)
	- Objective:          52.5369%

ITERATION 6 (1821.26s)
	- Objective:          53.1522%

ITERATION 7 (1823.17s)
	- Objective:          53.5520%

ITERATION 8 (1823.44s)
	- Objective:          53.8220%

ITERATION 9 (1824.81s)
	- Objective:          54.0175%

ITERATION 10 (1824.49s)
	- Objective:          54.1694%

ITERATION 11 (1823.49s)
	- Objective:          54.2964%

ITERATION 12 (1823.30s)
	- Objective:          54.4008%

ITERATION 13 (1823.49s)
	- Objective:          54.4917%

ITERATION 14 (1822.91s)
	- Objective:          54.5704%

ITERATION 15 (1822.75s)
	- Objective:          54.6362%

ITERATION 16 (1822.98s)
	- Objective:          54.6917%

ITERATION 17 (1821.19s)
	- Objective:          54.7404%

ITERATION 18 (1820.30s)
	- Objective:          54.7877%

ITERATION 19 (1821.02s)
	- Objective:          54.8428%

ITERATION 20 (1821.93s)
	- Objective:          54.9099%

ITERATION 21 (1822.64s)
	- Objective:          54.9738%

ITERATION 22 (1823.28s)
	- Objective:          55.0205%

ITERATION 23 (1823.08s)
	- Objective:          55.0508%

ITERATION 24 (1822.92s)
	- Objective:          55.0741%

ITERATION 25 (1821.82s)
	- Objective:          55.0949%

ITERATION 26 (1819.11s)
	- Objective:          55.1157%

ITERATION 27 (1821.54s)
	- Objective:          55.1388%

ITERATION 28 (1822.64s)
	- Objective:          55.1634%

ITERATION 29 (1820.53s)
	- Objective:          55.1853%

ITERATION 30 (1819.63s)
	- Objective:          55.2039%

ITERATION 31 (1820.11s)
	- Objective:          55.2203%

ITERATION 32 (1822.33s)
	- Objective:          55.2366%

ITERATION 33 (1822.11s)
	- Objective:          55.2541%

ITERATION 34 (1820.93s)
	- Objective:          55.2742%

ITERATION 35 (1821.35s)
	- Objective:          55.2983%

ITERATION 36 (1820.39s)
	- Objective:          55.3285%

ITERATION 37 (1821.51s)
	- Objective:          55.3655%

ITERATION 38 (1823.24s)
	- Objective:          55.4078%

ITERATION 39 (1822.52s)
	- Objective:          55.4535%

ITERATION 40 (1823.96s)
	- Objective:          55.4979%

ITERATION 41 (1821.91s)
	- Objective:          55.5367%

ITERATION 42 (1822.57s)
	- Objective:          55.5685%

ITERATION 43 (1820.50s)
	- Objective:          55.5947%

ITERATION 44 (1818.85s)
	- Objective:          55.6164%

ITERATION 45 (1821.67s)
	- Objective:          55.6365%

ITERATION 46 (1821.02s)
	- Objective:          55.6548%

ITERATION 47 (1819.48s)
	- Objective:          55.6687%

ITERATION 48 (1823.16s)
	- Objective:          55.6785%

ITERATION 49 (1822.96s)
	- Objective:          55.6856%

ITERATION 50 (1822.16s)
	- Objective:          55.6915%

ITERATION 51 (1820.38s)
	- Objective:          55.6968%

ITERATION 52 (1820.90s)
	- Objective:          55.7015%

ITERATION 53 (1823.04s)
	- Objective:          55.7059%

ITERATION 54 (1822.87s)
	- Objective:          55.7101%

ITERATION 55 (1823.67s)
	- Objective:          55.7145%

ITERATION 56 (1822.74s)
	- Objective:          55.7192%

ITERATION 57 (1821.89s)
	- Objective:          55.7241%

ITERATION 58 (1820.87s)
	- Objective:          55.7292%

ITERATION 59 (1821.61s)
	- Objective:          55.7345%

ITERATION 60 (1820.73s)
	- Objective:          55.7401%

ITERATION 61 (1818.82s)
	- Objective:          55.7455%

ITERATION 62 (1818.18s)
	- Objective:          55.7505%

ITERATION 63 (1820.46s)
	- Objective:          55.7553%

ITERATION 64 (1829.44s)
	- Objective:          55.7599%

ITERATION 65 (1830.36s)
	- Objective:          55.7646%

ITERATION 66 (1828.94s)
	- Objective:          55.7689%

ITERATION 67 (1829.48s)
	- Objective:          55.7732%

ITERATION 68 (1828.57s)
	- Objective:          55.7774%

ITERATION 69 (1831.73s)
	- Objective:          55.7816%

ITERATION 70 (1832.70s)
	- Objective:          55.7856%

ITERATION 71 (1832.69s)
	- Objective:          55.7892%

ITERATION 72 (1835.33s)
	- Objective:          55.7928%

ITERATION 73 (1836.42s)
	- Objective:          55.7961%

ITERATION 74 (1836.48s)
	- Objective:          55.7997%

ITERATION 75 (1834.58s)
	- Objective:          55.8041%

ITERATION 76 (1834.70s)
	- Objective:          55.8123%

ITERATION 77 (1834.98s)
	- Objective:          55.8215%

ITERATION 78 (1835.83s)
	- Objective:          55.8296%

ITERATION 79 (1835.48s)
	- Objective:          55.8349%

ITERATION 80 (1835.38s)
	- Objective:          55.8382%

ITERATION 81 (1834.97s)
	- Objective:          55.8410%

ITERATION 82 (1834.56s)
	- Objective:          55.8433%

ITERATION 83 (1831.31s)
	- Objective:          55.8453%

ITERATION 84 (1829.50s)
	- Objective:          55.8473%

ITERATION 85 (1833.67s)
	- Objective:          55.8489%

ITERATION 86 (1836.45s)
	- Objective:          55.8503%

ITERATION 87 (1831.41s)
	- Objective:          55.8517%

ITERATION 88 (1830.77s)
	- Objective:          55.8529%

ITERATION 89 (1830.74s)
	- Objective:          55.8539%

ITERATION 90 (1831.23s)
	- Objective:          55.8549%

ITERATION 91 (1832.65s)
	- Objective:          55.8558%

ITERATION 92 (1823.36s)
	- Objective:          55.8565%

ITERATION 93 (1819.86s)
	- Objective:          55.8572%

ITERATION 94 (1820.89s)
	- Objective:          55.8578%

ITERATION 95 (1818.37s)
	- Objective:          55.8584%

ITERATION 96 (1817.96s)
	- Objective:          55.8588%

ITERATION 97 (1818.51s)
	- Objective:          55.8593%

ITERATION 98 (1819.22s)
	- Objective:          55.8597%

ITERATION 99 (1815.37s)
	- Objective:          55.8601%

ITERATION 100 (1819.11s)
	- Objective:          55.8606%

ITERATION 101 (1819.19s)
	- Objective:          55.8611%

ITERATION 102 (1820.03s)
	- Objective:          55.8617%

ITERATION 103 (1818.97s)
	- Objective:          55.8622%

ITERATION 104 (1820.45s)
	- Objective:          55.8627%

ITERATION 105 (1821.85s)
	- Objective:          55.8631%

ITERATION 106 (1822.71s)
	- Objective:          55.8635%

ITERATION 107 (1821.88s)
	- Objective:          55.8637%

ITERATION 108 (1822.10s)
	- Objective:          55.8640%

ITERATION 109 (1824.37s)
	- Objective:          55.8642%

ITERATION 110 (1824.28s)
	- Objective:          55.8644%

ITERATION 111 (1820.31s)
	- Objective:          55.8646%

ITERATION 112 (1820.56s)
	- Objective:          55.8648%

ITERATION 113 (1822.02s)
	- Objective:          55.8649%

ITERATION 114 (1823.34s)
	- Objective:          55.8650%

ITERATION 115 (1821.89s)
	- Objective:          55.8652%

ITERATION 116 (1821.39s)
	- Objective:          55.8653%

ITERATION 117 (1823.03s)
	- Objective:          55.8654%

ITERATION 118 (1823.72s)
	- Objective:          55.8655%
  - Unigram         |  Translation: 40.73%  MWS353: 45.94%

