--------------------------------------------------------------------------------
ENGLISH-ITALIAN
--------------------------------------------------------------------------------
NUMERAL DICTIONARY

ITERATION 1 (1809.69s)
	- Objective:          49.3607%

ITERATION 2 (1818.29s)
	- Objective:          73.0830%

ITERATION 3 (1818.51s)
	- Objective:          76.9660%

ITERATION 4 (1823.82s)
	- Objective:          78.7468%

ITERATION 5 (1814.25s)
	- Objective:          79.6081%

ITERATION 6 (1818.24s)
	- Objective:          80.1544%

ITERATION 7 (1818.65s)
	- Objective:          80.6136%

ITERATION 8 (1815.33s)
	- Objective:          81.0200%

ITERATION 9 (1817.74s)
	- Objective:          81.3404%

ITERATION 10 (1817.20s)
	- Objective:          81.5851%

ITERATION 11 (1816.28s)
	- Objective:          81.8103%

ITERATION 12 (1818.01s)
	- Objective:          82.0246%

ITERATION 13 (1817.69s)
	- Objective:          82.2161%

ITERATION 14 (1818.13s)
	- Objective:          82.3501%

ITERATION 15 (1818.82s)
	- Objective:          82.4425%

ITERATION 16 (1818.72s)
	- Objective:          82.5159%

ITERATION 17 (1817.03s)
	- Objective:          82.5841%

ITERATION 18 (1817.18s)
	- Objective:          82.6561%

ITERATION 19 (1818.42s)
	- Objective:          82.7371%

ITERATION 20 (1816.82s)
	- Objective:          82.8301%

ITERATION 21 (1817.28s)
	- Objective:          82.9295%

ITERATION 22 (1818.10s)
	- Objective:          83.0230%

ITERATION 23 (1818.36s)
	- Objective:          83.1004%

ITERATION 24 (1820.62s)
	- Objective:          83.1608%

ITERATION 25 (1819.62s)
	- Objective:          83.2092%

ITERATION 26 (1819.89s)
	- Objective:          83.2505%

ITERATION 27 (1819.86s)
	- Objective:          83.2879%

ITERATION 28 (1820.47s)
	- Objective:          83.3218%

ITERATION 29 (1816.36s)
	- Objective:          83.3535%

ITERATION 30 (1818.50s)
	- Objective:          83.3835%

ITERATION 31 (1818.24s)
	- Objective:          83.4129%

ITERATION 32 (1820.03s)
	- Objective:          83.4415%

ITERATION 33 (1818.85s)
	- Objective:          83.4694%

ITERATION 34 (1820.69s)
	- Objective:          83.4963%

ITERATION 35 (1820.73s)
	- Objective:          83.5219%

ITERATION 36 (1820.49s)
	- Objective:          83.5462%

ITERATION 37 (1820.55s)
	- Objective:          83.5691%

ITERATION 38 (1818.72s)
	- Objective:          83.5902%

ITERATION 39 (1818.47s)
	- Objective:          83.6112%

ITERATION 40 (1820.25s)
	- Objective:          83.6256%

ITERATION 41 (1818.21s)
	- Objective:          83.6357%

ITERATION 42 (1818.79s)
	- Objective:          83.6432%

ITERATION 43 (1820.05s)
	- Objective:          83.6493%

ITERATION 44 (1821.01s)
	- Objective:          83.6540%

ITERATION 45 (1820.14s)
	- Objective:          83.6575%

ITERATION 46 (1819.64s)
	- Objective:          83.6603%

ITERATION 47 (1816.93s)
	- Objective:          83.6627%

ITERATION 48 (1816.94s)
	- Objective:          83.6648%

ITERATION 49 (1819.20s)
	- Objective:          83.6666%

ITERATION 50 (1820.10s)
	- Objective:          83.6684%

ITERATION 51 (1818.22s)
	- Objective:          83.6696%

ITERATION 52 (1818.12s)
	- Objective:          83.6708%

ITERATION 53 (1817.51s)
	- Objective:          83.6718%

ITERATION 54 (1817.42s)
	- Objective:          83.6726%

ITERATION 55 (1818.17s)
	- Objective:          83.6733%

ITERATION 56 (1818.76s)
	- Objective:          83.6740%

ITERATION 57 (1817.25s)
	- Objective:          83.6746%

ITERATION 58 (1817.75s)
	- Objective:          83.6751%

ITERATION 59 (1818.59s)
	- Objective:          83.6756%

ITERATION 60 (1819.21s)
	- Objective:          83.6761%

ITERATION 61 (1818.27s)
	- Objective:          83.6764%

ITERATION 62 (1819.06s)
	- Objective:          83.6768%

ITERATION 63 (1818.76s)
	- Objective:          83.6771%

ITERATION 64 (1819.23s)
	- Objective:          83.6773%

ITERATION 65 (1820.20s)
	- Objective:          83.6776%

ITERATION 66 (1820.35s)
	- Objective:          83.6778%

ITERATION 67 (1818.93s)
	- Objective:          83.6780%

ITERATION 68 (1820.64s)
	- Objective:          83.6782%

ITERATION 69 (1819.65s)
	- Objective:          83.6784%

ITERATION 70 (1820.22s)
	- Objective:          83.6786%

ITERATION 71 (1819.35s)
	- Objective:          83.6788%

ITERATION 72 (1819.14s)
	- Objective:          83.6789%

ITERATION 73 (1818.42s)
	- Objective:          83.6791%

ITERATION 74 (1818.25s)
	- Objective:          83.6792%

ITERATION 75 (1819.78s)
	- Objective:          83.6793%

ITERATION 76 (1819.35s)
	- Objective:          83.6794%

ITERATION 77 (1819.43s)
	- Objective:          83.6795%

ITERATION 78 (1821.29s)
	- Objective:          83.6796%
  - Orthographic (1gram)         |  Translation:  0.27%  MWS353: -0.93%

