--------------------------------------------------------------------------------
ENGLISH-ITALIAN
--------------------------------------------------------------------------------
NUMERAL DICTIONARY

ITERATION 1 (1812.13s)
	- Objective:          27.7475%

ITERATION 2 (1819.54s)
	- Objective:          39.6451%

ITERATION 3 (1818.79s)
	- Objective:          44.9106%

ITERATION 4 (1818.90s)
	- Objective:          47.8871%

ITERATION 5 (1817.81s)
	- Objective:          49.5938%

ITERATION 6 (1817.60s)
	- Objective:          50.5779%

ITERATION 7 (1818.42s)
	- Objective:          51.1711%

ITERATION 8 (1818.68s)
	- Objective:          51.5290%

ITERATION 9 (1819.05s)
	- Objective:          51.7530%

ITERATION 10 (1818.54s)
	- Objective:          51.9189%

ITERATION 11 (1818.72s)
	- Objective:          52.0512%

ITERATION 12 (1820.95s)
	- Objective:          52.1294%

ITERATION 13 (1819.47s)
	- Objective:          52.1701%

ITERATION 14 (1820.29s)
	- Objective:          52.1964%

ITERATION 15 (1821.77s)
	- Objective:          52.2185%

ITERATION 16 (1858.56s)
	- Objective:          52.2356%

ITERATION 17 (1868.85s)
	- Objective:          52.2540%

ITERATION 18 (1874.40s)
	- Objective:          52.2690%

ITERATION 19 (1870.71s)
	- Objective:          52.2786%

ITERATION 20 (1851.96s)
	- Objective:          52.2858%

ITERATION 21 (1840.33s)
	- Objective:          52.2946%

ITERATION 22 (1832.47s)
	- Objective:          52.3042%

ITERATION 23 (1840.68s)
	- Objective:          52.3098%

ITERATION 24 (1845.31s)
	- Objective:          52.3137%

ITERATION 25 (1864.03s)
	- Objective:          52.3174%

ITERATION 26 (1835.60s)
	- Objective:          52.3217%

ITERATION 27 (1833.47s)
	- Objective:          52.3257%

ITERATION 28 (1849.91s)
	- Objective:          52.3301%

ITERATION 29 (1886.18s)
	- Objective:          52.3335%

ITERATION 30 (1884.63s)
	- Objective:          52.3368%

ITERATION 31 (1879.01s)
	- Objective:          52.3402%

ITERATION 32 (1880.89s)
	- Objective:          52.3435%

ITERATION 33 (1875.39s)
	- Objective:          52.3459%

ITERATION 34 (1873.02s)
	- Objective:          52.3478%

ITERATION 35 (1872.73s)
	- Objective:          52.3494%

ITERATION 36 (1870.82s)
	- Objective:          52.3507%

ITERATION 37 (1878.78s)
	- Objective:          52.3517%

ITERATION 38 (1882.29s)
	- Objective:          52.3526%

ITERATION 39 (1880.13s)
	- Objective:          52.3534%

ITERATION 40 (1870.30s)
	- Objective:          52.3541%

ITERATION 41 (1877.76s)
	- Objective:          52.3547%

ITERATION 42 (1876.06s)
	- Objective:          52.3552%

ITERATION 43 (1862.40s)
	- Objective:          52.3556%

ITERATION 44 (1848.46s)
	- Objective:          52.3560%

ITERATION 45 (1856.18s)
	- Objective:          52.3564%

ITERATION 46 (1862.07s)
	- Objective:          52.3566%

ITERATION 47 (1870.95s)
	- Objective:          52.3569%

ITERATION 48 (1877.71s)
	- Objective:          52.3571%

ITERATION 49 (1867.58s)
	- Objective:          52.3573%

ITERATION 50 (1864.43s)
	- Objective:          52.3576%

ITERATION 51 (1850.54s)
	- Objective:          52.3578%

ITERATION 52 (1845.40s)
	- Objective:          52.3579%

ITERATION 53 (1858.06s)
	- Objective:          52.3581%

ITERATION 54 (1861.61s)
	- Objective:          52.3583%

ITERATION 55 (1860.95s)
	- Objective:          52.3584%

ITERATION 56 (1862.81s)
	- Objective:          52.3585%

ITERATION 57 (1848.73s)
	- Objective:          52.3587%

ITERATION 58 (1857.14s)
	- Objective:          52.3588%

ITERATION 59 (1859.11s)
	- Objective:          52.3589%

ITERATION 60 (1859.95s)
	- Objective:          52.3590%

ITERATION 61 (1851.76s)
	- Objective:          52.3591%
  - Orthographic (1gram)         |  Translation: 46.67%  MWS353: 59.29%

