--------------------------------------------------------------------------------
ENGLISH-ITALIAN
--------------------------------------------------------------------------------
NUMERAL DICTIONARY

ITERATION 1 (1877.83s)
	- Objective:          26.7692%

ITERATION 2 (1885.17s)
	- Objective:          41.1589%

ITERATION 3 (1910.15s)
	- Objective:          46.2013%

ITERATION 4 (1915.69s)
	- Objective:          48.7453%

ITERATION 5 (1917.14s)
	- Objective:          50.1493%

ITERATION 6 (1915.44s)
	- Objective:          50.9398%

ITERATION 7 (1912.58s)
	- Objective:          51.4295%

ITERATION 8 (1853.97s)
	- Objective:          51.7800%

ITERATION 9 (1840.47s)
	- Objective:          52.0629%

ITERATION 10 (1840.75s)
	- Objective:          52.2963%

ITERATION 11 (1841.35s)
	- Objective:          52.4829%

ITERATION 12 (1841.16s)
	- Objective:          52.6284%

ITERATION 13 (1841.65s)
	- Objective:          52.7410%

ITERATION 14 (1842.77s)
	- Objective:          52.8280%

ITERATION 15 (1842.96s)
	- Objective:          52.8920%

ITERATION 16 (1897.87s)
	- Objective:          52.9459%

ITERATION 17 (1900.97s)
	- Objective:          52.9998%

ITERATION 18 (1901.30s)
	- Objective:          53.0615%

ITERATION 19 (1904.93s)
	- Objective:          53.1397%

ITERATION 20 (1924.03s)
	- Objective:          53.2394%

ITERATION 21 (1968.49s)
	- Objective:          53.3553%

ITERATION 22 (1968.52s)
	- Objective:          53.4705%

ITERATION 23 (1968.58s)
	- Objective:          53.5706%

ITERATION 24 (1899.88s)
	- Objective:          53.6254%

ITERATION 25 (1899.10s)
	- Objective:          53.6508%

ITERATION 26 (1916.26s)
	- Objective:          53.6660%

ITERATION 27 (1918.31s)
	- Objective:          53.6783%

ITERATION 28 (1854.38s)
	- Objective:          53.6948%

ITERATION 29 (1840.90s)
	- Objective:          53.7150%

ITERATION 30 (1842.46s)
	- Objective:          53.7253%

ITERATION 31 (1840.91s)
	- Objective:          53.7298%

ITERATION 32 (1859.01s)
	- Objective:          53.7324%

ITERATION 33 (1866.79s)
	- Objective:          53.7342%

ITERATION 34 (1900.89s)
	- Objective:          53.7357%

ITERATION 35 (1947.01s)
	- Objective:          53.7373%

ITERATION 36 (1897.39s)
	- Objective:          53.7388%

ITERATION 37 (1851.48s)
	- Objective:          53.7403%

ITERATION 38 (1875.31s)
	- Objective:          53.7415%

ITERATION 39 (1911.95s)
	- Objective:          53.7423%

ITERATION 40 (1915.09s)
	- Objective:          53.7430%

ITERATION 41 (1915.79s)
	- Objective:          53.7435%

ITERATION 42 (1913.85s)
	- Objective:          53.7440%

ITERATION 43 (1916.36s)
	- Objective:          53.7443%

ITERATION 44 (1923.85s)
	- Objective:          53.7447%

ITERATION 45 (1848.38s)
	- Objective:          53.7449%

ITERATION 46 (1838.86s)
	- Objective:          53.7452%

ITERATION 47 (1839.43s)
	- Objective:          53.7455%

ITERATION 48 (1886.74s)
	- Objective:          53.7458%

ITERATION 49 (1923.59s)
	- Objective:          53.7461%

ITERATION 50 (1926.03s)
	- Objective:          53.7464%

ITERATION 51 (1922.79s)
	- Objective:          53.7470%

ITERATION 52 (1923.56s)
	- Objective:          53.7488%

ITERATION 53 (1871.75s)
	- Objective:          53.7532%

ITERATION 54 (1841.49s)
	- Objective:          53.7569%

ITERATION 55 (1842.30s)
	- Objective:          53.7588%

ITERATION 56 (1840.86s)
	- Objective:          53.7597%

ITERATION 57 (1841.31s)
	- Objective:          53.7604%

ITERATION 58 (1841.24s)
	- Objective:          53.7608%

ITERATION 59 (1838.72s)
	- Objective:          53.7611%

ITERATION 60 (1839.21s)
	- Objective:          53.7614%

ITERATION 61 (1839.08s)
	- Objective:          53.7618%

ITERATION 62 (1839.57s)
	- Objective:          53.7621%

ITERATION 63 (1841.06s)
	- Objective:          53.7624%

ITERATION 64 (1843.15s)
	- Objective:          53.7627%

ITERATION 65 (1841.70s)
	- Objective:          53.7630%

ITERATION 66 (1842.79s)
	- Objective:          53.7632%

ITERATION 67 (1843.37s)
	- Objective:          53.7634%

ITERATION 68 (1843.57s)
	- Objective:          53.7636%

ITERATION 69 (1841.72s)
	- Objective:          53.7637%

ITERATION 70 (1866.10s)
	- Objective:          53.7639%

ITERATION 71 (1911.11s)
	- Objective:          53.7640%
  - Unigram         |  Translation: 49.13%  MWS353: 54.26%

