--------------------------------------------------------------------------------
ENGLISH-ITALIAN
--------------------------------------------------------------------------------
NUMERAL DICTIONARY

ITERATION 1 (1451.63s)
	- Objective:          27.4427%

ITERATION 2 (1454.95s)
	- Objective:          34.9051%

ITERATION 3 (1454.96s)
	- Objective:          40.2435%

ITERATION 4 (1454.48s)
	- Objective:          43.6553%

ITERATION 5 (1455.35s)
	- Objective:          45.4683%

ITERATION 6 (1453.64s)
	- Objective:          46.1383%

ITERATION 7 (1453.19s)
	- Objective:          46.3724%

ITERATION 8 (1453.95s)
	- Objective:          46.4839%

ITERATION 9 (1453.66s)
	- Objective:          46.5661%

ITERATION 10 (1453.44s)
	- Objective:          46.6315%

ITERATION 11 (1454.85s)
	- Objective:          46.6578%

ITERATION 12 (1454.78s)
	- Objective:          46.6725%

ITERATION 13 (1455.33s)
	- Objective:          46.6821%

ITERATION 14 (1452.94s)
	- Objective:          46.6895%

ITERATION 15 (1453.58s)
	- Objective:          46.6955%

ITERATION 16 (1452.92s)
	- Objective:          46.7007%

ITERATION 17 (1453.45s)
	- Objective:          46.7057%

ITERATION 18 (1455.90s)
	- Objective:          46.7114%

ITERATION 19 (1455.66s)
	- Objective:          46.7172%

ITERATION 20 (1456.00s)
	- Objective:          46.7219%

ITERATION 21 (1455.92s)
	- Objective:          46.7260%

ITERATION 22 (1455.07s)
	- Objective:          46.7293%

ITERATION 23 (1455.64s)
	- Objective:          46.7322%

ITERATION 24 (1454.78s)
	- Objective:          46.7351%

ITERATION 25 (1457.77s)
	- Objective:          46.7379%

ITERATION 26 (1456.64s)
	- Objective:          46.7404%

ITERATION 27 (1455.77s)
	- Objective:          46.7425%

ITERATION 28 (1455.79s)
	- Objective:          46.7444%

ITERATION 29 (1456.26s)
	- Objective:          46.7460%

ITERATION 30 (1454.92s)
	- Objective:          46.7473%

ITERATION 31 (1455.53s)
	- Objective:          46.7484%

ITERATION 32 (1454.38s)
	- Objective:          46.7494%

ITERATION 33 (1457.03s)
	- Objective:          46.7504%

ITERATION 34 (1457.80s)
	- Objective:          46.7516%

ITERATION 35 (1454.41s)
	- Objective:          46.7530%

ITERATION 36 (1457.66s)
	- Objective:          46.7546%

ITERATION 37 (1454.44s)
	- Objective:          46.7564%

ITERATION 38 (1455.20s)
	- Objective:          46.7579%

ITERATION 39 (1459.49s)
	- Objective:          46.7592%

ITERATION 40 (1457.33s)
	- Objective:          46.7601%

ITERATION 41 (1455.34s)
	- Objective:          46.7608%

ITERATION 42 (1455.57s)
	- Objective:          46.7614%

ITERATION 43 (1457.59s)
	- Objective:          46.7618%

ITERATION 44 (1457.99s)
	- Objective:          46.7621%

ITERATION 45 (1455.58s)
	- Objective:          46.7624%

ITERATION 46 (1454.61s)
	- Objective:          46.7626%

ITERATION 47 (1457.26s)
	- Objective:          46.7628%

ITERATION 48 (1458.19s)
	- Objective:          46.7630%

ITERATION 49 (1458.78s)
	- Objective:          46.7632%

ITERATION 50 (1457.73s)
	- Objective:          46.7635%

ITERATION 51 (1457.39s)
	- Objective:          46.7638%

ITERATION 52 (1452.99s)
	- Objective:          46.7641%

ITERATION 53 (1457.96s)
	- Objective:          46.7645%

ITERATION 54 (1453.14s)
	- Objective:          46.7650%

ITERATION 55 (1456.09s)
	- Objective:          46.7656%

ITERATION 56 (1456.44s)
	- Objective:          46.7661%

ITERATION 57 (1457.44s)
	- Objective:          46.7667%

ITERATION 58 (1456.46s)
	- Objective:          46.7673%

ITERATION 59 (1456.72s)
	- Objective:          46.7677%

ITERATION 60 (1456.23s)
	- Objective:          46.7681%

ITERATION 61 (1454.36s)
	- Objective:          46.7685%

ITERATION 62 (1454.21s)
	- Objective:          46.7687%

ITERATION 63 (1451.32s)
	- Objective:          46.7689%

ITERATION 64 (1451.03s)
	- Objective:          46.7692%

ITERATION 65 (1455.66s)
	- Objective:          46.7693%

ITERATION 66 (1455.74s)
	- Objective:          46.7695%

ITERATION 67 (1453.99s)
	- Objective:          46.7697%

ITERATION 68 (1455.66s)
	- Objective:          46.7698%

ITERATION 69 (1457.31s)
	- Objective:          46.7699%

ITERATION 70 (1457.01s)
	- Objective:          46.7700%
  - SimMat         |  Translation: 39.87%  MWS353: 62.26%

