--------------------------------------------------------------------------------
ENGLISH-ITALIAN
--------------------------------------------------------------------------------
NUMERAL DICTIONARY

ITERATION 1 (1454.76s)
	- Objective:          92.9685%

ITERATION 2 (1454.14s)
	- Objective:         104.6886%

ITERATION 3 (1452.43s)
	- Objective:         107.8875%

ITERATION 4 (1449.09s)
	- Objective:         108.4318%

ITERATION 5 (1451.42s)
	- Objective:         108.5680%

ITERATION 6 (1449.48s)
	- Objective:         108.6248%

ITERATION 7 (1452.97s)
	- Objective:         108.6527%

ITERATION 8 (1451.88s)
	- Objective:         108.6693%

ITERATION 9 (1453.59s)
	- Objective:         108.6777%

ITERATION 10 (1453.37s)
	- Objective:         108.6828%

ITERATION 11 (1452.80s)
	- Objective:         108.6865%

ITERATION 12 (1454.12s)
	- Objective:         108.6894%

ITERATION 13 (1452.98s)
	- Objective:         108.6917%

ITERATION 14 (1451.75s)
	- Objective:         108.6935%

ITERATION 15 (1452.83s)
	- Objective:         108.6950%

ITERATION 16 (1455.28s)
	- Objective:         108.6961%

ITERATION 17 (1452.32s)
	- Objective:         108.6971%

ITERATION 18 (1451.18s)
	- Objective:         108.6979%

ITERATION 19 (1450.90s)
	- Objective:         108.6986%

ITERATION 20 (1452.75s)
	- Objective:         108.6992%

ITERATION 21 (1453.28s)
	- Objective:         108.6997%

ITERATION 22 (1451.72s)
	- Objective:         108.7002%

ITERATION 23 (1451.15s)
	- Objective:         108.7005%

ITERATION 24 (1454.16s)
	- Objective:         108.7008%

ITERATION 25 (1453.83s)
	- Objective:         108.7011%

ITERATION 26 (1450.33s)
	- Objective:         108.7013%

ITERATION 27 (1450.81s)
	- Objective:         108.7015%

ITERATION 28 (1454.03s)
	- Objective:         108.7017%

ITERATION 29 (1452.90s)
	- Objective:         108.7019%

ITERATION 30 (1452.98s)
	- Objective:         108.7020%

ITERATION 31 (1452.74s)
	- Objective:         108.7021%

ITERATION 32 (1452.63s)
	- Objective:         108.7023%

ITERATION 33 (1453.44s)
	- Objective:         108.7024%
  - SimMat         |  Translation: 39.93%  MWS353: 62.73%

