--------------------------------------------------------------------------------
ENGLISH-ITALIAN
--------------------------------------------------------------------------------
NUMERAL DICTIONARY

ITERATION 1 (1452.86s)
	- Objective:          27.1489%

ITERATION 2 (1457.46s)
	- Objective:          34.0805%

ITERATION 3 (1456.29s)
	- Objective:          38.7853%

ITERATION 4 (1455.58s)
	- Objective:          41.7240%

ITERATION 5 (1456.12s)
	- Objective:          43.7552%

ITERATION 6 (1457.21s)
	- Objective:          44.9410%

ITERATION 7 (1456.87s)
	- Objective:          45.4766%

ITERATION 8 (1455.33s)
	- Objective:          45.6947%

ITERATION 9 (1455.15s)
	- Objective:          45.7996%

ITERATION 10 (1456.36s)
	- Objective:          45.8600%

ITERATION 11 (1456.22s)
	- Objective:          45.9109%

ITERATION 12 (1456.60s)
	- Objective:          45.9628%

ITERATION 13 (1457.13s)
	- Objective:          45.9864%

ITERATION 14 (1456.66s)
	- Objective:          46.0029%

ITERATION 15 (1456.23s)
	- Objective:          46.0151%

ITERATION 16 (1457.75s)
	- Objective:          46.0242%

ITERATION 17 (1455.94s)
	- Objective:          46.0324%

ITERATION 18 (1455.36s)
	- Objective:          46.0421%

ITERATION 19 (1457.52s)
	- Objective:          46.0525%

ITERATION 20 (1457.05s)
	- Objective:          46.0592%

ITERATION 21 (1453.76s)
	- Objective:          46.0637%

ITERATION 22 (1455.97s)
	- Objective:          46.0673%

ITERATION 23 (1454.39s)
	- Objective:          46.0708%

ITERATION 24 (1455.53s)
	- Objective:          46.0743%

ITERATION 25 (1454.35s)
	- Objective:          46.0776%

ITERATION 26 (1454.97s)
	- Objective:          46.0805%

ITERATION 27 (1455.18s)
	- Objective:          46.0825%

ITERATION 28 (1453.19s)
	- Objective:          46.0840%

ITERATION 29 (1453.86s)
	- Objective:          46.0853%

ITERATION 30 (1454.64s)
	- Objective:          46.0863%

ITERATION 31 (1455.09s)
	- Objective:          46.0871%

ITERATION 32 (1456.07s)
	- Objective:          46.0877%

ITERATION 33 (1454.77s)
	- Objective:          46.0884%

ITERATION 34 (1455.79s)
	- Objective:          46.0889%

ITERATION 35 (1455.48s)
	- Objective:          46.0893%

ITERATION 36 (1455.55s)
	- Objective:          46.0897%

ITERATION 37 (1454.78s)
	- Objective:          46.0900%

ITERATION 38 (1454.83s)
	- Objective:          46.0902%

ITERATION 39 (1453.75s)
	- Objective:          46.0904%

ITERATION 40 (1455.45s)
	- Objective:          46.0907%

ITERATION 41 (1456.05s)
	- Objective:          46.0908%

ITERATION 42 (1457.73s)
	- Objective:          46.0910%

ITERATION 43 (1456.44s)
	- Objective:          46.0911%

ITERATION 44 (1456.17s)
	- Objective:          46.0913%

ITERATION 45 (1456.24s)
	- Objective:          46.0914%

ITERATION 46 (1456.05s)
	- Objective:          46.0915%

ITERATION 47 (1453.88s)
	- Objective:          46.0917%

ITERATION 48 (1453.83s)
	- Objective:          46.0918%

ITERATION 49 (1455.34s)
	- Objective:          46.0919%

ITERATION 50 (1453.84s)
	- Objective:          46.0920%

ITERATION 51 (1452.53s)
	- Objective:          46.0921%
  - SimMat         |  Translation: 39.40%  MWS353: 62.80%

