--------------------------------------------------------------------------------
ENGLISH-ITALIAN
--------------------------------------------------------------------------------
NUMERAL DICTIONARY

ITERATION 1 (1450.42s)
	- Objective:          27.7396%

ITERATION 2 (1452.94s)
	- Objective:          35.7941%

ITERATION 3 (1450.65s)
	- Objective:          41.5544%

ITERATION 4 (1452.26s)
	- Objective:          44.8898%

ITERATION 5 (1451.81s)
	- Objective:          46.2762%

ITERATION 6 (1449.95s)
	- Objective:          46.7263%

ITERATION 7 (1447.56s)
	- Objective:          46.9162%

ITERATION 8 (1449.57s)
	- Objective:          47.0126%

ITERATION 9 (1451.18s)
	- Objective:          47.0540%

ITERATION 10 (1450.28s)
	- Objective:          47.0775%

ITERATION 11 (1453.08s)
	- Objective:          47.0930%

ITERATION 12 (1451.56s)
	- Objective:          47.1034%

ITERATION 13 (1450.82s)
	- Objective:          47.1107%

ITERATION 14 (1451.29s)
	- Objective:          47.1162%

ITERATION 15 (1449.95s)
	- Objective:          47.1204%

ITERATION 16 (1451.31s)
	- Objective:          47.1237%

ITERATION 17 (1451.16s)
	- Objective:          47.1265%

ITERATION 18 (1451.61s)
	- Objective:          47.1289%

ITERATION 19 (1452.89s)
	- Objective:          47.1311%

ITERATION 20 (1451.58s)
	- Objective:          47.1341%

ITERATION 21 (1452.98s)
	- Objective:          47.1371%

ITERATION 22 (1451.87s)
	- Objective:          47.1396%

ITERATION 23 (1452.96s)
	- Objective:          47.1420%

ITERATION 24 (1452.53s)
	- Objective:          47.1440%

ITERATION 25 (1450.16s)
	- Objective:          47.1459%

ITERATION 26 (1449.28s)
	- Objective:          47.1474%

ITERATION 27 (1450.30s)
	- Objective:          47.1487%

ITERATION 28 (1448.42s)
	- Objective:          47.1498%

ITERATION 29 (1446.64s)
	- Objective:          47.1506%

ITERATION 30 (1447.05s)
	- Objective:          47.1514%

ITERATION 31 (1448.76s)
	- Objective:          47.1521%

ITERATION 32 (1449.15s)
	- Objective:          47.1527%

ITERATION 33 (1449.58s)
	- Objective:          47.1532%

ITERATION 34 (1449.51s)
	- Objective:          47.1535%

ITERATION 35 (1448.31s)
	- Objective:          47.1539%

ITERATION 36 (1448.54s)
	- Objective:          47.1541%

ITERATION 37 (1448.68s)
	- Objective:          47.1543%

ITERATION 38 (1450.22s)
	- Objective:          47.1545%

ITERATION 39 (1449.14s)
	- Objective:          47.1547%

ITERATION 40 (1450.02s)
	- Objective:          47.1548%

ITERATION 41 (1449.55s)
	- Objective:          47.1549%

ITERATION 42 (1449.35s)
	- Objective:          47.1551%

ITERATION 43 (1449.28s)
	- Objective:          47.1552%

ITERATION 44 (1449.39s)
	- Objective:          47.1553%

ITERATION 45 (1450.64s)
	- Objective:          47.1554%

ITERATION 46 (1450.77s)
	- Objective:          47.1555%

ITERATION 47 (1453.68s)
	- Objective:          47.1556%

ITERATION 48 (1453.69s)
	- Objective:          47.1557%
  - SimMat         |  Translation: 40.07%  MWS353: 62.74%

