--------------------------------------------------------------------------------
ENGLISH-ITALIAN
--------------------------------------------------------------------------------
NUMERAL DICTIONARY

ITERATION 1 (1456.26s)
	- Objective:          30.8982%

ITERATION 2 (1459.71s)
	- Objective:          41.8159%

ITERATION 3 (1460.28s)
	- Objective:          47.3264%

ITERATION 4 (1458.27s)
	- Objective:          49.0111%

ITERATION 5 (1457.68s)
	- Objective:          49.4724%

ITERATION 6 (1459.93s)
	- Objective:          49.6230%

ITERATION 7 (1459.05s)
	- Objective:          49.6818%

ITERATION 8 (1458.28s)
	- Objective:          49.7110%

ITERATION 9 (1458.20s)
	- Objective:          49.7306%

ITERATION 10 (1457.63s)
	- Objective:          49.7470%

ITERATION 11 (1456.77s)
	- Objective:          49.7616%

ITERATION 12 (1457.54s)
	- Objective:          49.7758%

ITERATION 13 (1458.18s)
	- Objective:          49.7869%

ITERATION 14 (1458.20s)
	- Objective:          49.7952%

ITERATION 15 (1458.42s)
	- Objective:          49.8022%

ITERATION 16 (1458.37s)
	- Objective:          49.8075%

ITERATION 17 (1457.39s)
	- Objective:          49.8109%

ITERATION 18 (1458.58s)
	- Objective:          49.8134%

ITERATION 19 (1459.05s)
	- Objective:          49.8156%

ITERATION 20 (1459.32s)
	- Objective:          49.8176%

ITERATION 21 (1458.26s)
	- Objective:          49.8191%

ITERATION 22 (1457.97s)
	- Objective:          49.8203%

ITERATION 23 (1458.50s)
	- Objective:          49.8212%

ITERATION 24 (1457.96s)
	- Objective:          49.8219%

ITERATION 25 (1457.99s)
	- Objective:          49.8229%

ITERATION 26 (1457.89s)
	- Objective:          49.8241%

ITERATION 27 (1457.71s)
	- Objective:          49.8249%

ITERATION 28 (1457.84s)
	- Objective:          49.8256%

ITERATION 29 (1456.04s)
	- Objective:          49.8261%

ITERATION 30 (1457.94s)
	- Objective:          49.8264%

ITERATION 31 (1458.72s)
	- Objective:          49.8268%

ITERATION 32 (1458.00s)
	- Objective:          49.8270%

ITERATION 33 (1457.92s)
	- Objective:          49.8273%

ITERATION 34 (1457.41s)
	- Objective:          49.8275%

ITERATION 35 (1457.66s)
	- Objective:          49.8277%

ITERATION 36 (1455.40s)
	- Objective:          49.8279%

ITERATION 37 (1457.33s)
	- Objective:          49.8280%

ITERATION 38 (1457.17s)
	- Objective:          49.8282%

ITERATION 39 (1455.76s)
	- Objective:          49.8283%

ITERATION 40 (1456.30s)
	- Objective:          49.8284%

ITERATION 41 (1456.18s)
	- Objective:          49.8285%
  - SimMat         |  Translation: 41.07%  MWS353: 62.86%

