--------------------------------------------------------------------------------
ENGLISH-ITALIAN
--------------------------------------------------------------------------------
NUMERAL DICTIONARY

ITERATION 1 (1452.33s)
	- Objective:          36.3550%

ITERATION 2 (1454.84s)
	- Objective:          47.9954%

ITERATION 3 (1453.33s)
	- Objective:          52.3215%

ITERATION 4 (1454.81s)
	- Objective:          53.3084%

ITERATION 5 (1452.58s)
	- Objective:          53.5854%

ITERATION 6 (1455.19s)
	- Objective:          53.6935%

ITERATION 7 (1452.00s)
	- Objective:          53.7385%

ITERATION 8 (1453.05s)
	- Objective:          53.7596%

ITERATION 9 (1449.70s)
	- Objective:          53.7716%

ITERATION 10 (1457.02s)
	- Objective:          53.7798%

ITERATION 11 (1459.19s)
	- Objective:          53.7867%

ITERATION 12 (1463.54s)
	- Objective:          53.7936%

ITERATION 13 (1459.14s)
	- Objective:          53.7992%

ITERATION 14 (1456.23s)
	- Objective:          53.8041%

ITERATION 15 (1456.41s)
	- Objective:          53.8092%

ITERATION 16 (1455.79s)
	- Objective:          53.8144%

ITERATION 17 (1457.54s)
	- Objective:          53.8190%

ITERATION 18 (1457.65s)
	- Objective:          53.8230%

ITERATION 19 (1457.35s)
	- Objective:          53.8261%

ITERATION 20 (1458.90s)
	- Objective:          53.8283%

ITERATION 21 (1458.53s)
	- Objective:          53.8299%

ITERATION 22 (1457.42s)
	- Objective:          53.8311%

ITERATION 23 (1456.97s)
	- Objective:          53.8321%

ITERATION 24 (1456.00s)
	- Objective:          53.8330%

ITERATION 25 (1455.87s)
	- Objective:          53.8337%

ITERATION 26 (1454.19s)
	- Objective:          53.8343%

ITERATION 27 (1458.60s)
	- Objective:          53.8349%

ITERATION 28 (1458.02s)
	- Objective:          53.8353%

ITERATION 29 (1454.34s)
	- Objective:          53.8356%

ITERATION 30 (1455.38s)
	- Objective:          53.8359%

ITERATION 31 (1456.77s)
	- Objective:          53.8361%

ITERATION 32 (1456.23s)
	- Objective:          53.8363%

ITERATION 33 (1455.89s)
	- Objective:          53.8365%

ITERATION 34 (1456.10s)
	- Objective:          53.8367%

ITERATION 35 (1455.26s)
	- Objective:          53.8369%

ITERATION 36 (1456.02s)
	- Objective:          53.8372%

ITERATION 37 (1454.61s)
	- Objective:          53.8374%

ITERATION 38 (1457.45s)
	- Objective:          53.8376%

ITERATION 39 (1457.69s)
	- Objective:          53.8378%

ITERATION 40 (1457.39s)
	- Objective:          53.8380%

ITERATION 41 (1458.70s)
	- Objective:          53.8383%

ITERATION 42 (1458.00s)
	- Objective:          53.8385%

ITERATION 43 (1458.79s)
	- Objective:          53.8386%

ITERATION 44 (1455.47s)
	- Objective:          53.8388%

ITERATION 45 (1455.57s)
	- Objective:          53.8389%

ITERATION 46 (1457.76s)
	- Objective:          53.8390%

ITERATION 47 (1456.63s)
	- Objective:          53.8391%

ITERATION 48 (1458.64s)
	- Objective:          53.8393%

ITERATION 49 (1458.65s)
	- Objective:          53.8394%

ITERATION 50 (1457.47s)
	- Objective:          53.8395%

ITERATION 51 (1459.25s)
	- Objective:          53.8396%

ITERATION 52 (1458.29s)
	- Objective:          53.8397%
  - SimMat         |  Translation: 40.93%  MWS353: 62.92%

