Beginning!
Read source embeddings, time: 14.286758184432983
Read target embeddings, time: 13.867677450180054
Augmenting target!
Augmented target in time: 16.96272897720337
Processing source word 114000
Processing source word 115000
Processing source word 116000
Processing source word 117000
Processing source word 118000
Processing source word 119000
Processing source word 120000
Processing source word 121000
Processing source word 122000
Processing source word 123000
Processing source word 124000
Processing source word 125000
Processing source word 126000
Processing source word 127000
Processing source word 128000
Processing source word 129000
Processing source word 130000
Processing source word 131000
Processing source word 132000
Processing source word 133000
Processing source word 134000
Processing source word 135000
Processing source word 136000
Processing source word 137000
Processing source word 138000
Processing source word 139000
Processing source word 140000
Processing source word 141000
Processing source word 142000
Processing source word 143000
Processing source word 144000
Processing source word 145000
Processing source word 146000
Processing source word 147000
Processing source word 148000
Processing source word 149000
Processing source word 150000
Processing source word 151000
Processing source word 152000
Processing source word 153000
Processing source word 154000
Processing source word 155000
Processing source word 156000
Processing source word 157000
Processing source word 158000
Processing source word 159000
Processing source word 160000
Processing source word 161000
Processing source word 162000
Processing source word 163000
Processing source word 164000
Processing source word 165000
Processing source word 166000
Processing source word 167000
Processing source word 168000
Processing source word 169000
Processing source word 170000
Processing source word 171000
Processing source word 172000
Processing source word 173000
Processing source word 174000
Processing source word 175000
Processing source word 176000
Processing source word 177000
Processing source word 178000
Processing source word 179000
Processing source word 180000
Processing source word 181000
Processing source word 182000
Processing source word 183000
Processing source word 184000
Processing source word 185000
Processing source word 186000
Processing source word 187000
Processing source word 188000
Processing source word 189000
Processing source word 190000
Processing source word 191000
Processing source word 192000
Processing source word 193000
Processing source word 194000
Processing source word 195000
Processing source word 196000
Processing source word 197000
Processing source word 198000
Processing source word 199000
