--------------------------------------------------------------------------------
ENGLISH-ITALIAN
--------------------------------------------------------------------------------
ORTHOGRAPHIC DICTIONARY
WARNING: OOV dictionary entry (said: - said)
WARNING: OOV dictionary entry (by: - by)
WARNING: OOV dictionary entry (to: - to)
WARNING: OOV dictionary entry (on: - on)
WARNING: OOV dictionary entry (email: - email)
WARNING: OOV dictionary entry (from: - from)
WARNING: OOV dictionary entry ((pdf - pdf)
  - Mikolov et al. (2013a)  |  Translation:  0.33%  MWS353: 49.44%
WARNING: OOV dictionary entry (said: - said)
WARNING: OOV dictionary entry (by: - by)
WARNING: OOV dictionary entry (to: - to)
WARNING: OOV dictionary entry (on: - on)
WARNING: OOV dictionary entry (email: - email)
WARNING: OOV dictionary entry (from: - from)
WARNING: OOV dictionary entry ((pdf - pdf)
  - Xing et al. (2015)      |  Translation: 30.87%  MWS353: 61.02%
WARNING: OOV dictionary entry (said: - said)
WARNING: OOV dictionary entry (by: - by)
WARNING: OOV dictionary entry (to: - to)
WARNING: OOV dictionary entry (on: - on)
WARNING: OOV dictionary entry (email: - email)
WARNING: OOV dictionary entry (from: - from)
WARNING: OOV dictionary entry ((pdf - pdf)
  - Zhang et al. (2016)     |  Translation: 31.47%  MWS353: 60.77%
WARNING: OOV dictionary entry (said: - said)
WARNING: OOV dictionary entry (by: - by)
WARNING: OOV dictionary entry (to: - to)
WARNING: OOV dictionary entry (on: - on)
WARNING: OOV dictionary entry (email: - email)
WARNING: OOV dictionary entry (from: - from)
WARNING: OOV dictionary entry ((pdf - pdf)
  - Artetxe et al. (2016)   |  Translation: 33.40%  MWS353: 62.73%
WARNING: OOV dictionary entry (said: - said)
WARNING: OOV dictionary entry (by: - by)
WARNING: OOV dictionary entry (to: - to)
WARNING: OOV dictionary entry (on: - on)
WARNING: OOV dictionary entry (email: - email)
WARNING: OOV dictionary entry (from: - from)
WARNING: OOV dictionary entry ((pdf - pdf)
  - Proposed method         |  Translation: 39.13%  MWS353: 62.17%

